<?xml version="1.0" encoding="UTF-8"?>
<testsuite name="com.refrigerator.springboot.service.RecipeApiServiceTest" tests="1" skipped="0" failures="0" errors="0" timestamp="2023-07-18T08:05:00" hostname="DESKTOP-F7DRE4L" time="0.92">
  <properties/>
  <testcase name="블로그 검색API 서비스 테스트" classname="com.refrigerator.springboot.service.RecipeApiServiceTest" time="0.92"/>
  <system-out><![CDATA[2023-07-18 17:05:00.090  INFO 20388 --- [    Test worker] .b.t.c.SpringBootTestContextBootstrapper : Neither @ContextConfiguration nor @ContextHierarchy found for test class [com.refrigerator.springboot.service.RecipeApiServiceTest], using SpringBootContextLoader
2023-07-18 17:05:00.091  INFO 20388 --- [    Test worker] o.s.t.c.support.AbstractContextLoader    : Could not detect default resource locations for test class [com.refrigerator.springboot.service.RecipeApiServiceTest]: no resource found for suffixes {-context.xml, Context.groovy}.
2023-07-18 17:05:00.091  INFO 20388 --- [    Test worker] t.c.s.AnnotationConfigContextLoaderUtils : Could not detect default configuration classes for test class [com.refrigerator.springboot.service.RecipeApiServiceTest]: RecipeApiServiceTest does not declare any static, non-private, non-final, nested classes annotated with @Configuration.
2023-07-18 17:05:00.101  INFO 20388 --- [    Test worker] .b.t.c.SpringBootTestContextBootstrapper : Found @SpringBootConfiguration com.refrigerator.springboot.RefrigeratorApplication for test class com.refrigerator.springboot.service.RecipeApiServiceTest
2023-07-18 17:05:00.103  INFO 20388 --- [    Test worker] .b.t.c.SpringBootTestContextBootstrapper : Loaded default TestExecutionListener class names from location [META-INF/spring.factories]: [org.springframework.security.test.context.support.WithSecurityContextTestExecutionListener, org.springframework.security.test.context.support.ReactorContextTestExecutionListener, org.springframework.boot.test.autoconfigure.restdocs.RestDocsTestExecutionListener, org.springframework.boot.test.autoconfigure.web.client.MockRestServiceServerResetTestExecutionListener, org.springframework.boot.test.autoconfigure.web.servlet.MockMvcPrintOnlyOnFailureTestExecutionListener, org.springframework.boot.test.autoconfigure.web.servlet.WebDriverTestExecutionListener, org.springframework.boot.test.autoconfigure.webservices.client.MockWebServiceServerTestExecutionListener, org.springframework.boot.test.mock.mockito.MockitoTestExecutionListener, org.springframework.boot.test.mock.mockito.ResetMocksTestExecutionListener, org.springframework.test.context.web.ServletTestExecutionListener, org.springframework.test.context.support.DirtiesContextBeforeModesTestExecutionListener, org.springframework.test.context.event.ApplicationEventsTestExecutionListener, org.springframework.test.context.support.DependencyInjectionTestExecutionListener, org.springframework.test.context.support.DirtiesContextTestExecutionListener, org.springframework.test.context.transaction.TransactionalTestExecutionListener, org.springframework.test.context.jdbc.SqlScriptsTestExecutionListener, org.springframework.test.context.event.EventPublishingTestExecutionListener]
2023-07-18 17:05:00.104  INFO 20388 --- [    Test worker] .b.t.c.SpringBootTestContextBootstrapper : Using TestExecutionListeners: [org.springframework.test.context.web.ServletTestExecutionListener@3e8cf854, org.springframework.test.context.support.DirtiesContextBeforeModesTestExecutionListener@5c937c92, org.springframework.test.context.event.ApplicationEventsTestExecutionListener@22c5652b, org.springframework.boot.test.mock.mockito.MockitoTestExecutionListener@59f0ef6e, org.springframework.boot.test.autoconfigure.SpringBootDependencyInjectionTestExecutionListener@67f25c, org.springframework.test.context.support.DirtiesContextTestExecutionListener@47d7792e, org.springframework.test.context.transaction.TransactionalTestExecutionListener@4eb2a0c2, org.springframework.test.context.jdbc.SqlScriptsTestExecutionListener@10e7ade5, org.springframework.security.test.context.support.WithSecurityContextTestExecutionListener@2fad48b7, org.springframework.test.context.event.EventPublishingTestExecutionListener@534f4a65, org.springframework.security.test.context.support.ReactorContextTestExecutionListener@8a0447e, org.springframework.boot.test.autoconfigure.restdocs.RestDocsTestExecutionListener@2505480a, org.springframework.boot.test.autoconfigure.web.client.MockRestServiceServerResetTestExecutionListener@602854ed, org.springframework.boot.test.autoconfigure.web.servlet.MockMvcPrintOnlyOnFailureTestExecutionListener@491d36ef, org.springframework.boot.test.autoconfigure.web.servlet.WebDriverTestExecutionListener@43941806, org.springframework.boot.test.autoconfigure.webservices.client.MockWebServiceServerTestExecutionListener@4cde5d66, org.springframework.boot.test.mock.mockito.ResetMocksTestExecutionListener@6ef3f72c]
2023-07-18 17:05:00.113  INFO 20388 --- [    Test worker] o.s.t.c.transaction.TransactionContext   : Began transaction (1) for test context [DefaultTestContext@6682e9b0 testClass = RecipeApiServiceTest, testInstance = com.refrigerator.springboot.service.RecipeApiServiceTest@27f7db5a, testMethod = searchBlogRecipe@RecipeApiServiceTest, testException = [null], mergedContextConfiguration = [WebMergedContextConfiguration@6245303e testClass = RecipeApiServiceTest, locations = '{}', classes = '{class com.refrigerator.springboot.RefrigeratorApplication}', contextInitializerClasses = '[]', activeProfiles = '{}', propertySourceLocations = '{}', propertySourceProperties = '{org.springframework.boot.test.context.SpringBootTestContextBootstrapper=true}', contextCustomizers = set[org.springframework.boot.test.autoconfigure.actuate.metrics.MetricsExportContextCustomizerFactory$DisableMetricExportContextCustomizer@115667d, org.springframework.boot.test.autoconfigure.properties.PropertyMappingContextCustomizer@0, org.springframework.boot.test.autoconfigure.web.servlet.WebDriverContextCustomizerFactory$Customizer@49c6c24f, org.springframework.boot.test.context.filter.ExcludeFilterContextCustomizer@13d73fa, org.springframework.boot.test.json.DuplicateJsonObjectContextCustomizerFactory$DuplicateJsonObjectContextCustomizer@53bd8fca, org.springframework.boot.test.mock.mockito.MockitoContextCustomizer@0, org.springframework.boot.test.web.client.TestRestTemplateContextCustomizer@550a1967, org.springframework.boot.test.context.SpringBootTestArgs@1, org.springframework.boot.test.context.SpringBootTestWebEnvironment@4dbb42b7], resourceBasePath = 'src/main/webapp', contextLoader = 'org.springframework.boot.test.context.SpringBootContextLoader', parent = [null]], attributes = map['org.springframework.test.context.web.ServletTestExecutionListener.activateListener' -> true, 'org.springframework.test.context.web.ServletTestExecutionListener.populatedRequestContextHolder' -> true, 'org.springframework.test.context.web.ServletTestExecutionListener.resetRequestContextHolder' -> true, 'org.springframework.test.context.event.ApplicationEventsTestExecutionListener.recordApplicationEvents' -> false]]; transaction manager [org.springframework.orm.jpa.JpaTransactionManager@1dade178]; rollback [true]
2023-07-18 17:05:01.026  INFO 20388 --- [    Test worker] o.s.t.c.transaction.TransactionContext   : Rolled back transaction for test: [DefaultTestContext@6682e9b0 testClass = RecipeApiServiceTest, testInstance = com.refrigerator.springboot.service.RecipeApiServiceTest@27f7db5a, testMethod = searchBlogRecipe@RecipeApiServiceTest, testException = [null], mergedContextConfiguration = [WebMergedContextConfiguration@6245303e testClass = RecipeApiServiceTest, locations = '{}', classes = '{class com.refrigerator.springboot.RefrigeratorApplication}', contextInitializerClasses = '[]', activeProfiles = '{}', propertySourceLocations = '{}', propertySourceProperties = '{org.springframework.boot.test.context.SpringBootTestContextBootstrapper=true}', contextCustomizers = set[org.springframework.boot.test.autoconfigure.actuate.metrics.MetricsExportContextCustomizerFactory$DisableMetricExportContextCustomizer@115667d, org.springframework.boot.test.autoconfigure.properties.PropertyMappingContextCustomizer@0, org.springframework.boot.test.autoconfigure.web.servlet.WebDriverContextCustomizerFactory$Customizer@49c6c24f, org.springframework.boot.test.context.filter.ExcludeFilterContextCustomizer@13d73fa, org.springframework.boot.test.json.DuplicateJsonObjectContextCustomizerFactory$DuplicateJsonObjectContextCustomizer@53bd8fca, org.springframework.boot.test.mock.mockito.MockitoContextCustomizer@0, org.springframework.boot.test.web.client.TestRestTemplateContextCustomizer@550a1967, org.springframework.boot.test.context.SpringBootTestArgs@1, org.springframework.boot.test.context.SpringBootTestWebEnvironment@4dbb42b7], resourceBasePath = 'src/main/webapp', contextLoader = 'org.springframework.boot.test.context.SpringBootContextLoader', parent = [null]], attributes = map['org.springframework.test.context.web.ServletTestExecutionListener.activateListener' -> true, 'org.springframework.test.context.web.ServletTestExecutionListener.populatedRequestContextHolder' -> true, 'org.springframework.test.context.web.ServletTestExecutionListener.resetRequestContextHolder' -> true, 'org.springframework.test.context.event.ApplicationEventsTestExecutionListener.recordApplicationEvents' -> false]]
]]></system-out>
  <system-err><![CDATA[]]></system-err>
</testsuite>
